[MockWorker 9000] Starting network agent on port 9000...
listening for connections on port 9000


 starting reciever thread 

received something 1
received something 2
waiting for connection...
UDP listening on port 9001
[MockWorker 9000] Listening on PROG and NODES queues...
Client connected from 127.0.0.1:33004 (fd=11)
received message with type NODES
received something 2
waiting for connection...
[MockWorker 9000] Received NODES request. Sending dummy nodes...
Client connected from 127.0.0.1:33006 (fd=11)
received message with type PROG
received something 2
waiting for connection...
[MockWorker 9000] Received CHCK request. Replying NONE.
Client connected from 127.0.0.1:33008 (fd=11)
received message with type PROG
received something 2
waiting for connection...
[MockWorker 9000] Received PROG upload! Compiling...
[MockWorker 9000] Waiting for TASK on TASK_Q_9000...
Client connected from 127.0.0.1:33010 (fd=11)
received message with type TASK_Q_9000
received something 2
waiting for connection...
[MockWorker 9000] Received TASK! Executing...
[MockWorker 9000] Task complete!
